TN:
SF:example.ts
FN:1,sum
FNF:1
FNH:0
FNDA:0,sum
DA:1,0
DA:2,0
LF:2
LH:0
BRF:0
BRH:0
end_of_record
TN:
SF:index.ts
FN:17,(anonymous_8)
FN:21,(anonymous_9)
FN:21,(anonymous_10)
FN:39,(anonymous_11)
FN:39,(anonymous_12)
FN:44,(anonymous_13)
FN:48,(anonymous_14)
FN:53,(anonymous_15)
FNF:8
FNH:0
FNDA:0,(anonymous_8)
FNDA:0,(anonymous_9)
FNDA:0,(anonymous_10)
FNDA:0,(anonymous_11)
FNDA:0,(anonymous_12)
FNDA:0,(anonymous_13)
FNDA:0,(anonymous_14)
FNDA:0,(anonymous_15)
DA:1,0
DA:2,0
DA:3,0
DA:4,0
DA:5,0
DA:6,0
DA:7,0
DA:8,0
DA:10,0
DA:12,0
DA:13,0
DA:15,0
DA:17,0
DA:18,0
DA:21,0
DA:22,0
DA:23,0
DA:24,0
DA:27,0
DA:28,0
DA:30,0
DA:31,0
DA:37,0
DA:39,0
DA:40,0
DA:42,0
DA:44,0
DA:45,0
DA:49,0
DA:50,0
DA:53,0
DA:54,0
DA:57,0
LF:33
LH:0
BRDA:20,0,0,0
BRDA:20,0,1,0
BRDA:23,1,0,0
BRF:3
BRH:0
end_of_record
TN:
SF:jest.config.ts
FNF:0
FNH:0
DA:3,0
DA:21,0
LF:2
LH:0
BRF:0
BRH:0
end_of_record
TN:
SF:services.ts
FNF:0
FNH:0
DA:1,1
DA:3,1
LF:2
LH:2
BRDA:4,0,0,0
BRDA:4,0,1,1
BRDA:4,1,0,1
BRDA:4,1,1,1
BRF:4
BRH:3
end_of_record
TN:
SF:__tests__\with_mock\with_mocktest.ts
FN:20,(anonymous_0)
FN:21,(anonymous_1)
FN:25,(anonymous_2)
FNF:3
FNH:0
FNDA:0,(anonymous_0)
FNDA:0,(anonymous_1)
FNDA:0,(anonymous_2)
DA:20,0
DA:21,0
DA:25,0
LF:3
LH:0
BRF:0
BRH:0
end_of_record
TN:
SF:controllers\DiscountController.ts
FN:12,(anonymous_7)
FN:25,(anonymous_9)
FN:38,(anonymous_11)
FN:56,(anonymous_13)
FNF:4
FNH:0
FNDA:0,(anonymous_7)
FNDA:0,(anonymous_9)
FNDA:0,(anonymous_11)
FNDA:0,(anonymous_13)
DA:2,0
DA:10,0
DA:13,0
DA:15,0
DA:16,0
DA:17,0
DA:20,0
DA:21,0
DA:26,0
DA:28,0
DA:29,0
DA:30,0
DA:33,0
DA:34,0
DA:39,0
DA:41,0
DA:42,0
DA:43,0
DA:46,0
DA:47,0
DA:48,0
DA:49,0
DA:52,0
DA:57,0
DA:59,0
DA:60,0
LF:26
LH:0
BRDA:15,0,0,0
BRDA:28,1,0,0
BRDA:41,2,0,0
BRDA:47,3,0,0
BRDA:57,4,0,0
BRDA:57,4,1,0
BRF:6
BRH:0
end_of_record
TN:
SF:controllers\RecipeController.ts
FN:11,(anonymous_7)
FN:35,(anonymous_9)
FN:52,(anonymous_11)
FN:56,(anonymous_13)
FNF:4
FNH:0
FNDA:0,(anonymous_7)
FNDA:0,(anonymous_9)
FNDA:0,(anonymous_11)
FNDA:0,(anonymous_13)
DA:2,0
DA:10,0
DA:12,0
DA:14,0
DA:15,0
DA:16,0
DA:19,0
DA:20,0
DA:21,0
DA:27,0
DA:36,0
DA:37,0
DA:38,0
DA:41,0
DA:42,0
DA:46,0
DA:47,0
DA:58,0
DA:60,0
DA:61,0
DA:62,0
DA:65,0
DA:66,0
DA:67,0
DA:68,0
DA:71,0
LF:26
LH:0
BRDA:14,0,0,0
BRDA:14,1,0,0
BRDA:14,1,1,0
BRDA:30,2,0,0
BRDA:30,2,1,0
BRDA:37,3,0,0
BRDA:60,4,0,0
BRDA:66,5,0,0
BRF:8
BRH:0
end_of_record
TN:
SF:controllers\RouteController.ts
FN:12,(anonymous_7)
FN:89,(anonymous_9)
FN:107,(anonymous_11)
FN:120,(anonymous_13)
FNF:4
FNH:0
FNDA:0,(anonymous_7)
FNDA:0,(anonymous_9)
FNDA:0,(anonymous_11)
FNDA:0,(anonymous_13)
DA:2,0
DA:11,0
DA:13,0
DA:15,0
DA:16,0
DA:17,0
DA:20,0
DA:24,0
DA:25,0
DA:27,0
DA:28,0
DA:29,0
DA:32,0
DA:34,0
DA:41,0
DA:45,0
DA:46,0
DA:48,0
DA:49,0
DA:50,0
DA:53,0
DA:55,0
DA:62,0
DA:63,0
DA:64,0
DA:78,0
DA:79,0
DA:81,0
DA:83,0
DA:84,0
DA:90,0
DA:92,0
DA:93,0
DA:94,0
DA:97,0
DA:98,0
DA:99,0
DA:100,0
DA:103,0
DA:108,0
DA:110,0
DA:111,0
DA:112,0
DA:115,0
DA:116,0
DA:121,0
DA:123,0
DA:124,0
DA:125,0
DA:128,0
DA:129,0
DA:130,0
DA:131,0
DA:134,0
LF:54
LH:0
BRDA:15,0,0,0
BRDA:15,1,0,0
BRDA:15,1,1,0
BRDA:15,1,2,0
BRDA:15,1,3,0
BRDA:15,1,4,0
BRDA:27,2,0,0
BRDA:48,3,0,0
BRDA:92,4,0,0
BRDA:98,5,0,0
BRDA:110,6,0,0
BRDA:123,7,0,0
BRDA:129,8,0,0
BRF:13
BRH:0
end_of_record
TN:
SF:helpers\DiscountHelper.ts
FN:15,getDiscountsFromDatabase
FN:22,(anonymous_10)
FN:26,addDiscountToDatabase
FN:38,deleteDiscountFromDatabase
FN:50,getAllDiscountsFromDatabase
FN:51,(anonymous_16)
FN:61,(anonymous_17)
FNF:7
FNH:0
FNDA:0,getDiscountsFromDatabase
FNDA:0,(anonymous_10)
FNDA:0,addDiscountToDatabase
FNDA:0,deleteDiscountFromDatabase
FNDA:0,getAllDiscountsFromDatabase
FNDA:0,(anonymous_16)
FNDA:0,(anonymous_17)
DA:1,0
DA:2,0
DA:4,0
DA:5,0
DA:15,0
DA:16,0
DA:22,0
DA:26,0
DA:29,0
DA:34,0
DA:38,0
DA:41,0
DA:46,0
DA:50,0
DA:51,0
DA:53,0
DA:55,0
DA:61,0
LF:18
LH:0
BRDA:51,0,0,0
BRDA:53,1,0,0
BRDA:53,1,1,0
BRF:3
BRH:0
end_of_record
TN:
SF:helpers\RecipeHelper.ts
FN:49,sum
FN:54,fetchRecipe
FN:84,(anonymous_10)
FN:98,getSingle
FN:138,getRecipesfromRoute
FN:150,(anonymous_15)
FN:172,saveRecipeToDatabase
FN:202,getRecipeFromDatabase
FNF:8
FNH:1
FNDA:1,sum
FNDA:0,fetchRecipe
FNDA:0,(anonymous_10)
FNDA:0,getSingle
FNDA:0,getRecipesfromRoute
FNDA:0,(anonymous_15)
FNDA:0,saveRecipeToDatabase
FNDA:0,getRecipeFromDatabase
DA:1,1
DA:2,1
DA:6,1
DA:7,1
DA:8,1
DA:10,1
DA:11,1
DA:14,1
DA:15,1
DA:49,1
DA:50,1
DA:54,1
DA:55,0
DA:56,0
DA:57,0
DA:64,0
DA:71,0
DA:77,0
DA:78,0
DA:79,0
DA:82,0
DA:84,0
DA:93,0
DA:94,0
DA:98,1
DA:99,0
DA:100,0
DA:101,0
DA:108,0
DA:115,0
DA:121,0
DA:122,0
DA:123,0
DA:126,0
DA:128,0
DA:131,0
DA:132,0
DA:138,1
DA:139,0
DA:140,0
DA:141,0
DA:142,0
DA:143,0
DA:145,0
DA:146,0
DA:149,0
DA:150,0
DA:151,0
DA:152,0
DA:155,0
DA:156,0
DA:159,0
DA:160,0
DA:161,0
DA:163,0
DA:166,0
DA:167,0
DA:172,1
DA:176,0
DA:177,0
DA:179,0
DA:180,0
DA:202,1
DA:203,0
DA:204,0
DA:208,0
DA:209,0
LF:67
LH:16
BRDA:56,0,0,0
BRDA:56,1,0,0
BRDA:56,1,1,0
BRDA:77,2,0,0
BRDA:85,3,0,0
BRDA:85,3,1,0
BRDA:87,4,0,0
BRDA:87,4,1,0
BRDA:89,5,0,0
BRDA:89,5,1,0
BRDA:100,6,0,0
BRDA:100,7,0,0
BRDA:100,7,1,0
BRDA:121,8,0,0
BRDA:145,9,0,0
BRDA:155,10,0,0
BRDA:209,11,0,0
BRDA:209,11,1,0
BRF:18
BRH:0
end_of_record
TN:
SF:helpers\RouteHelpers.ts
FN:61,initializeGeoNamesDatabase
FN:75,importGeoNamesToMongoDB
FN:141,calculateDistance
FN:157,toRadians
FN:163,interpolatePoint
FN:210,generateRouteStops
FN:243,(anonymous_25)
FN:252,(anonymous_26)
FN:275,(anonymous_27)
FN:295,(anonymous_28)
FN:299,saveRouteToDatabase
FN:311,getRouteFromDatabase
FN:320,getRoutesFromDatabase
FN:327,(anonymous_35)
FN:331,deleteRouteFromDatabase
FNF:15
FNH:0
FNDA:0,initializeGeoNamesDatabase
FNDA:0,importGeoNamesToMongoDB
FNDA:0,calculateDistance
FNDA:0,toRadians
FNDA:0,interpolatePoint
FNDA:0,generateRouteStops
FNDA:0,(anonymous_25)
FNDA:0,(anonymous_26)
FNDA:0,(anonymous_27)
FNDA:0,(anonymous_28)
FNDA:0,saveRouteToDatabase
FNDA:0,getRouteFromDatabase
FNDA:0,getRoutesFromDatabase
FNDA:0,(anonymous_35)
FNDA:0,deleteRouteFromDatabase
DA:1,0
DA:2,0
DA:3,0
DA:4,0
DA:7,0
DA:8,0
DA:9,0
DA:12,0
DA:13,0
DA:16,0
DA:17,0
DA:61,0
DA:62,0
DA:63,0
DA:64,0
DA:66,0
DA:67,0
DA:68,0
DA:70,0
DA:76,0
DA:77,0
DA:78,0
DA:79,0
DA:84,0
DA:85,0
DA:87,0
DA:88,0
DA:90,0
DA:92,0
DA:119,0
DA:120,0
DA:123,0
DA:124,0
DA:125,0
DA:130,0
DA:131,0
DA:134,0
DA:135,0
DA:136,0
DA:141,0
DA:142,0
DA:143,0
DA:144,0
DA:147,0
DA:153,0
DA:154,0
DA:158,0
DA:168,0
DA:169,0
DA:170,0
DA:171,0
DA:175,0
DA:186,0
DA:187,0
DA:191,0
DA:192,0
DA:195,0
DA:197,0
DA:198,0
DA:200,0
DA:201,0
DA:203,0
DA:210,0
DA:215,0
DA:216,0
DA:217,0
DA:219,0
DA:220,0
DA:221,0
DA:223,0
DA:243,0
DA:251,0
DA:252,0
DA:253,0
DA:260,0
DA:265,0
DA:267,0
DA:274,0
DA:275,0
DA:279,0
DA:281,0
DA:288,0
DA:295,0
DA:299,0
DA:303,0
DA:304,0
DA:306,0
DA:307,0
DA:311,0
DA:312,0
DA:313,0
DA:315,0
DA:316,0
DA:320,0
DA:321,0
DA:322,0
DA:324,0
DA:327,0
DA:331,0
DA:332,0
DA:333,0
DA:335,0
DA:337,0
LF:103
LH:0
BRDA:66,0,0,0
BRDA:66,0,1,0
BRDA:88,1,0,0
BRDA:96,2,0,0
BRDA:96,2,1,0
BRDA:108,3,0,0
BRDA:108,3,1,0
BRDA:109,4,0,0
BRDA:109,4,1,0
BRDA:123,5,0,0
BRDA:130,6,0,0
BRDA:186,7,0,0
BRDA:251,8,0,0
BRDA:251,8,1,0
BRDA:316,9,0,0
BRDA:316,9,1,0
BRF:16
BRH:0
end_of_record
TN:
SF:routes\DiscountRoutes.ts
FNF:0
FNH:0
DA:1,0
DA:2,0
DA:4,0
DA:6,0
LF:4
LH:0
BRF:0
BRH:0
end_of_record
TN:
SF:routes\RecipesRoutes.ts
FNF:0
FNH:0
DA:2,0
DA:4,0
DA:6,0
LF:3
LH:0
BRF:0
BRH:0
end_of_record
TN:
SF:routes\RouteRoutes.ts
FNF:0
FNH:0
DA:1,0
DA:2,0
DA:4,0
DA:6,0
LF:4
LH:0
BRF:0
BRH:0
end_of_record
